TimeCreated,Id,Message,Level,Task,Opcode,Keywords,EventRecordID,ProviderName,ProviderGuid,LogName,ProcessId,ThreadId,MachineName,UserId
2026-02-02T10:00:01.123Z,4625,"An account failed to log on. Subject: Security ID: S-1-5-18 Account Name: WIN-SERVER$ Account Domain: DOMAIN Logon ID: 0x123456 Process Information: Process ID: 0x0 Process Name: - Network Information: Workstation Name: - Source Network Address: 192.168.1.100 Source Port: 54321 Detailed Authentication Information: Logon Type: 3 Authentication Package: NTLM Transited Services: - Package Name (NTLM only): - Key Length: 0 This event is generated when a logon request fails. It is generated on the computer where access was attempted. The Subject fields indicate the account on the local system which requested the logon. This is most commonly a service such as the Server service, or a local process such as Winlogon.exe or Services.exe. The Logon Type field indicates the kind of logon that was requested. The most common types are 2 (interactive) and 3 (network). The Process Information fields indicate which account and process requested the logon. The Network Information fields indicate where a remote logon request originated. Workstation name is not always available and may be left blank in some cases. The authentication information fields provide detailed information about this specific logon request. - Transited services indicate which intermediate services have participated in this logon request. - Package name indicates which sub-protocol was used among the NTLM protocols. - Key length indicates the length of the generated session key. This will be 0 if no session key was requested. Target Account: Target User Name: admin Target Domain: DOMAIN",Error,12544,0,0x8010000000000000,12345,Microsoft-Windows-Security-Auditing,{54849625-5478-4991-A5BA-3C3A0328C30D},Security,0,0,WIN-SERVER,S-1-5-18
2026-02-02T10:00:02.456Z,4625,"An account failed to log on. Subject: Security ID: S-1-5-18 Account Name: WIN-SERVER$ Account Domain: DOMAIN Logon ID: 0x123456 Process Information: Process ID: 0x0 Process Name: - Network Information: Workstation Name: - Source Network Address: 192.168.1.100 Source Port: 54322 Detailed Authentication Information: Logon Type: 3 Authentication Package: NTLM Transited Services: - Package Name (NTLM only): - Key Length: 0 Target Account: Target User Name: admin Target Domain: DOMAIN",Error,12544,0,0x8010000000000000,12346,Microsoft-Windows-Security-Auditing,{54849625-5478-4991-A5BA-3C3A0328C30D},Security,0,0,WIN-SERVER,S-1-5-18
2026-02-02T10:00:03.789Z,4625,"An account failed to log on. Subject: Security ID: S-1-5-18 Account Name: WIN-SERVER$ Account Domain: DOMAIN Logon ID: 0x123456 Process Information: Process ID: 0x0 Process Name: - Network Information: Workstation Name: - Source Network Address: 192.168.1.100 Source Port: 54323 Detailed Authentication Information: Logon Type: 3 Authentication Package: NTLM Transited Services: - Package Name (NTLM only): - Key Length: 0 Target Account: Target User Name: admin Target Domain: DOMAIN",Error,12544,0,0x8010000000000000,12347,Microsoft-Windows-Security-Auditing,{54849625-5478-4991-A5BA-3C3A0328C30D},Security,0,0,WIN-SERVER,S-1-5-18
2026-02-02T10:00:04.012Z,4625,"An account failed to log on. Subject: Security ID: S-1-5-18 Account Name: WIN-SERVER$ Account Domain: DOMAIN Logon ID: 0x123456 Process Information: Process ID: 0x0 Process Name: - Network Information: Workstation Name: - Source Network Address: 192.168.1.100 Source Port: 54324 Detailed Authentication Information: Logon Type: 3 Authentication Package: NTLM Transited Services: - Package Name (NTLM only): - Key Length: 0 Target Account: Target User Name: admin Target Domain: DOMAIN",Error,12544,0,0x8010000000000000,12348,Microsoft-Windows-Security-Auditing,{54849625-5478-4991-A5BA-3C3A0328C30D},Security,0,0,WIN-SERVER,S-1-5-18
2026-02-02T10:00:05.345Z,4625,"An account failed to log on. Subject: Security ID: S-1-5-18 Account Name: WIN-SERVER$ Account Domain: DOMAIN Logon ID: 0x123456 Process Information: Process ID: 0x0 Process Name: - Network Information: Workstation Name: - Source Network Address: 192.168.1.100 Source Port: 54325 Detailed Authentication Information: Logon Type: 3 Authentication Package: NTLM Transited Services: - Package Name (NTLM only): - Key Length: 0 Target Account: Target User Name: admin Target Domain: DOMAIN",Error,12544,0,0x8010000000000000,12349,Microsoft-Windows-Security-Auditing,{54849625-5478-4991-A5BA-3C3A0328C30D},Security,0,0,WIN-SERVER,S-1-5-18
2026-02-02T10:00:06.678Z,4625,"An account failed to log on. Subject: Security ID: S-1-5-18 Account Name: WIN-SERVER$ Account Domain: DOMAIN Logon ID: 0x123456 Process Information: Process ID: 0x0 Process Name: - Network Information: Workstation Name: - Source Network Address: 192.168.1.102 Source Port: 54326 Detailed Authentication Information: Logon Type: 3 Authentication Package: NTLM Transited Services: - Package Name (NTLM only): - Key Length: 0 Target Account: Target User Name: testuser Target Domain: DOMAIN",Error,12544,0,0x8010000000000000,12350,Microsoft-Windows-Security-Auditing,{54849625-5478-4991-A5BA-3C3A0328C30D},Security,0,0,WIN-SERVER,S-1-5-18
